  [4;36;1mSQL (0.4ms)[0m   [0;1m SELECT name
 FROM sqlite_master
 WHERE type = 'table' AND NOT name = 'sqlite_sequence'
[0m
  [4;35;1mSQL (0.1ms)[0m   [0mselect sqlite_version(*)[0m
  [4;36;1mSQL (2.6ms)[0m   [0;1mCREATE TABLE "schema_migrations" ("version" varchar(255) NOT NULL) [0m
  [4;35;1mSQL (0.1ms)[0m   [0mPRAGMA index_list("schema_migrations")[0m
  [4;36;1mSQL (2.1ms)[0m   [0;1mCREATE UNIQUE INDEX "unique_schema_migrations" ON "schema_migrations" ("version")[0m
  [4;35;1mSQL (0.2ms)[0m   [0m SELECT name
 FROM sqlite_master
 WHERE type = 'table' AND NOT name = 'sqlite_sequence'
[0m
  [4;36;1mSQL (0.1ms)[0m   [0;1mSELECT version FROM schema_migrations[0m
Migrating to CreateBlogs (20100819193419)
  [4;35;1mSQL (0.5ms)[0m   [0mCREATE TABLE "blogs" ("id" INTEGER PRIMARY KEY AUTOINCREMENT NOT NULL, "created_at" datetime, "updated_at" datetime) [0m
  [4;36;1mSQL (0.1ms)[0m   [0;1mINSERT INTO schema_migrations (version) VALUES ('20100819193419')[0m
Migrating to CreateEntries (20100819193431)
  [4;35;1mSQL (0.3ms)[0m   [0mCREATE TABLE "entries" ("id" INTEGER PRIMARY KEY AUTOINCREMENT NOT NULL, "status" varchar(255), "blog_id" integer, "created_at" datetime, "updated_at" datetime) [0m
  [4;36;1mSQL (0.1ms)[0m   [0;1mINSERT INTO schema_migrations (version) VALUES ('20100819193431')[0m
  [4;35;1mSQL (0.2ms)[0m   [0m SELECT name
 FROM sqlite_master
 WHERE type = 'table' AND NOT name = 'sqlite_sequence'
[0m
  [4;36;1mSQL (0.1ms)[0m   [0;1mSELECT version FROM schema_migrations[0m
  [4;35;1mSQL (0.1ms)[0m   [0m SELECT name
 FROM sqlite_master
 WHERE type = 'table' AND NOT name = 'sqlite_sequence'
[0m
  [4;36;1mSQL (0.0ms)[0m   [0;1mPRAGMA index_list("blogs")[0m
  [4;35;1mSQL (0.0ms)[0m   [0mPRAGMA index_list("entries")[0m
  [4;36;1mBlog Create (0.8ms)[0m   [0;1mINSERT INTO "blogs" ("created_at", "updated_at") VALUES('2010-08-19 19:36:44', '2010-08-19 19:36:44')[0m
  [4;35;1mEntry Create (0.5ms)[0m   [0mINSERT INTO "entries" ("created_at", "updated_at", "blog_id", "status") VALUES('2010-08-19 19:37:02', '2010-08-19 19:37:02', 1, 'active')[0m
  [4;36;1mEntry Create (0.5ms)[0m   [0;1mINSERT INTO "entries" ("created_at", "updated_at", "blog_id", "status") VALUES('2010-08-19 19:37:04', '2010-08-19 19:37:04', 1, 'active')[0m
  [4;35;1mEntry Create (0.5ms)[0m   [0mINSERT INTO "entries" ("created_at", "updated_at", "blog_id", "status") VALUES('2010-08-19 19:37:06', '2010-08-19 19:37:06', 1, 'inactive')[0m
  [4;36;1mEntry Load (0.5ms)[0m   [0;1mSELECT * FROM "entries" WHERE ("entries".blog_id = 1) AND (("entries"."status" = 'active') AND ("entries".blog_id = 1)) [0m
  [4;35;1mEntry Load (0.3ms)[0m   [0mSELECT * FROM "entries" WHERE ("entries".blog_id = 1) AND (("entries"."status" = 'inactive') AND ("entries".blog_id = 1)) [0m
  [4;36;1mEntry Load (0.3ms)[0m   [0;1mSELECT * FROM "entries" WHERE ("entries".blog_id = 1) AND (("entries"."status" = 'inactive') AND ("entries".blog_id = 1)) [0m
  [4;35;1mSQL (0.3ms)[0m   [0mSELECT count(*) AS count_all FROM "entries" WHERE ("entries".blog_id = 1) [0m
  [4;36;1mEntry Load (0.4ms)[0m   [0;1mSELECT * FROM "entries" WHERE ("entries".blog_id = 1) AND (("entries"."status" = 'active') AND ("entries".blog_id = 1)) [0m
  [4;36;1mBlog Load (0.7ms)[0m   [0;1mSELECT * FROM "blogs" [0m
  [4;35;1mBlog Load (0.3ms)[0m   [0mSELECT * FROM "blogs" LIMIT 1[0m
  [4;36;1mBlog Load (0.3ms)[0m   [0;1mSELECT * FROM "blogs" LIMIT 1[0m
  [4;35;1mEntry Load (0.4ms)[0m   [0mSELECT * FROM "entries" WHERE ("entries".blog_id = 1) [0m
  [4;36;1mBlog Load (0.3ms)[0m   [0;1mSELECT * FROM "blogs" LIMIT 1[0m
  [4;35;1mEntry Load (0.3ms)[0m   [0mSELECT * FROM "entries" WHERE ("entries".blog_id = 1) AND (("entries"."status" = 'active') AND ("entries".blog_id = 1)) [0m
  [4;36;1mBlog Load (0.3ms)[0m   [0;1mSELECT * FROM "blogs" LIMIT 1[0m
  [4;35;1mEntry Load (0.3ms)[0m   [0mSELECT * FROM "entries" WHERE ("entries".blog_id = 1) AND (("entries"."status" = 'inactive') AND ("entries".blog_id = 1)) [0m
  [4;36;1mBlog Load (0.3ms)[0m   [0;1mSELECT * FROM "blogs" LIMIT 1[0m
  [4;35;1mEntry Load (0.3ms)[0m   [0mSELECT * FROM "entries" WHERE ("entries".blog_id = 1) [0m
  [4;36;1mBlog Load (0.3ms)[0m   [0;1mSELECT * FROM "blogs" LIMIT 1[0m
  [4;35;1mEntry Load (0.3ms)[0m   [0mSELECT * FROM "entries" WHERE ("entries".blog_id = 1) [0m
  [4;36;1mBlog Load (0.5ms)[0m   [0;1mSELECT * FROM "blogs" LIMIT 1[0m
  [4;35;1mEntry Load (0.3ms)[0m   [0mSELECT * FROM "entries" WHERE ("entries".blog_id = 1) [0m
  [4;36;1mBlog Load (0.5ms)[0m   [0;1mSELECT * FROM "blogs" LIMIT 1[0m
  [4;35;1mEntry Load (0.3ms)[0m   [0mSELECT * FROM "entries" WHERE ("entries".blog_id = 1) [0m
  [4;36;1mBlog Load (0.3ms)[0m   [0;1mSELECT * FROM "blogs" LIMIT 1[0m
  [4;35;1mEntry Load (0.3ms)[0m   [0mSELECT * FROM "entries" WHERE ("entries".blog_id = 1) AND (("entries"."status" = 'active') AND ("entries".blog_id = 1)) [0m
  [4;36;1mBlog Load (0.3ms)[0m   [0;1mSELECT * FROM "blogs" LIMIT 1[0m
  [4;35;1mEntry Load (0.3ms)[0m   [0mSELECT * FROM "entries" WHERE ("entries".blog_id = 1) AND (("entries"."status" = 'inactive') AND ("entries".blog_id = 1)) [0m
  [4;36;1mBlog Load (0.3ms)[0m   [0;1mSELECT * FROM "blogs" LIMIT 1[0m
  [4;35;1mEntry Load (0.3ms)[0m   [0mSELECT * FROM "entries" WHERE ("entries".blog_id = 1) AND (("entries"."status" = 'active') AND ("entries".blog_id = 1)) [0m
  [4;36;1mBlog Load (0.3ms)[0m   [0;1mSELECT * FROM "blogs" LIMIT 1[0m
  [4;35;1mEntry Load (0.3ms)[0m   [0mSELECT * FROM "entries" WHERE ("entries".blog_id = 1) [0m
  [4;36;1mBlog Load (0.3ms)[0m   [0;1mSELECT * FROM "blogs" LIMIT 1[0m
  [4;35;1mEntry Load (0.4ms)[0m   [0mSELECT * FROM "entries" WHERE ("entries".blog_id = 1) [0m
  [4;36;1mEntry Load (0.4ms)[0m   [0;1mSELECT * FROM "entries" WHERE ("entries".blog_id = 1) AND (("entries"."status" = 'active') AND ("entries".blog_id = 1)) [0m
  [4;35;1mEntry Load (0.3ms)[0m   [0mSELECT * FROM "entries" WHERE ("entries".blog_id = 1) AND (("entries"."status" = 'inactive') AND ("entries".blog_id = 1)) [0m
  [4;36;1mBlog Load (0.7ms)[0m   [0;1mSELECT * FROM "blogs" LIMIT 1[0m
  [4;35;1mEntry Load (0.4ms)[0m   [0mSELECT * FROM "entries" WHERE ("entries".blog_id = 1) [0m
  [4;36;1mBlog Load (0.3ms)[0m   [0;1mSELECT * FROM "blogs" LIMIT 1[0m
  [4;35;1mEntry Load (0.3ms)[0m   [0mSELECT * FROM "entries" WHERE ("entries".blog_id = 1) AND (("entries"."status" = 'active') AND ("entries".blog_id = 1)) [0m
  [4;36;1mBlog Load (0.3ms)[0m   [0;1mSELECT * FROM "blogs" LIMIT 1[0m
  [4;35;1mEntry Load (0.3ms)[0m   [0mSELECT * FROM "entries" WHERE ("entries".blog_id = 1) AND (("entries"."status" = 'inactive') AND ("entries".blog_id = 1)) [0m
  [4;36;1mBlog Load (0.7ms)[0m   [0;1mSELECT * FROM "blogs" LIMIT 1[0m
  [4;35;1mEntry Load (0.4ms)[0m   [0mSELECT * FROM "entries" WHERE ("entries".blog_id = 1) [0m
  [4;36;1mEntry Load (0.4ms)[0m   [0;1mSELECT * FROM "entries" WHERE ("entries".blog_id = 1) AND (("entries"."status" = 'active') AND ("entries".blog_id = 1)) [0m
  [4;35;1mBlog Load (0.3ms)[0m   [0mSELECT * FROM "blogs" LIMIT 1[0m
  [4;36;1mEntry Load (0.3ms)[0m   [0;1mSELECT * FROM "entries" WHERE ("entries".blog_id = 1) AND (("entries"."status" = 'inactive') AND ("entries".blog_id = 1)) [0m
  [4;35;1mEntry Load (0.3ms)[0m   [0mSELECT * FROM "entries" WHERE ("entries".blog_id = 1) AND (("entries"."status" = 'inactive') AND ("entries".blog_id = 1)) [0m
  [4;36;1mBlog Load (0.3ms)[0m   [0;1mSELECT * FROM "blogs" LIMIT 1[0m
  [4;35;1mEntry Load (0.3ms)[0m   [0mSELECT * FROM "entries" WHERE ("entries".blog_id = 1) [0m
